2024-12-27 02:42:19.706 [info] Extension host with pid 22611 started
2024-12-27 02:42:19.811 [info] ExtensionService#_doActivateExtension vscode.emmet, startup: false, activationEvent: 'onLanguage'
2024-12-27 02:42:19.878 [info] ExtensionService#_doActivateExtension vscode.git-base, startup: true, activationEvent: '*'
2024-12-27 02:42:19.882 [info] ExtensionService#_doActivateExtension vscode.github, startup: true, activationEvent: '*'
2024-12-27 02:42:19.914 [info] Eager extensions activated
2024-12-27 02:42:19.916 [info] ExtensionService#_doActivateExtension vscode.debug-auto-launch, startup: false, activationEvent: 'onStartupFinished'
2024-12-27 02:42:19.918 [info] ExtensionService#_doActivateExtension vscode.merge-conflict, startup: false, activationEvent: 'onStartupFinished'
2024-12-27 02:42:19.936 [info] ExtensionService#_doActivateExtension Catppuccin.catppuccin-vsc, startup: false, activationEvent: 'onStartupFinished'
2024-12-27 02:42:19.941 [info] ExtensionService#_doActivateExtension vscodevim.vim, startup: false, activationEvent: 'onStartupFinished'
2024-12-27 02:42:36.098 [info] ExtensionService#_doActivateExtension sainnhe.gruvbox-material, startup: false, activationEvent: 'onStartupFinished'
2024-12-27 02:42:49.153 [info] ExtensionService#_doActivateExtension vscode.configuration-editing, startup: false, activationEvent: 'onLanguage:jsonc'
2024-12-27 02:42:49.166 [info] ExtensionService#_doActivateExtension vscode.json-language-features, startup: false, activationEvent: 'onLanguage:jsonc'
2024-12-27 02:42:49.222 [info] ExtensionService#_doActivateExtension vscode.typescript-language-features, startup: false, activationEvent: 'onLanguage:jsonc'
2024-12-27 03:00:05.553 [info] Extension host terminating: renderer closed the MessagePort
2024-12-27 03:00:05.561 [error] TypeError: r.some is not a function
	at h.saveToDisk (/home/kush/.vscode-oss/extensions/vscodevim.vim-1.29.0-universal/out/extension.js:2:663045)
	at t.deactivate (/home/kush/.vscode-oss/extensions/vscodevim.vim-1.29.0-universal/out/extension.js:2:177330)
	at zz.eb (file:///usr/lib/code/out/vs/workbench/api/node/extensionHostProcess.js:119:11724)
	at file:///usr/lib/code/out/vs/workbench/api/node/extensionHostProcess.js:119:9874
	at Array.map (<anonymous>)
	at zz.$ (file:///usr/lib/code/out/vs/workbench/api/node/extensionHostProcess.js:119:9862)
	at zz.terminate (file:///usr/lib/code/out/vs/workbench/api/node/extensionHostProcess.js:119:10105)
	at QC.terminate (file:///usr/lib/code/out/vs/workbench/api/node/extensionHostProcess.js:120:1424)
	at Zi (file:///usr/lib/code/out/vs/workbench/api/node/extensionHostProcess.js:175:15080)
	at MessagePortMain.<anonymous> (file:///usr/lib/code/out/vs/workbench/api/node/extensionHostProcess.js:175:11628)
	at MessagePortMain.emit (node:events:518:28)
	at MessagePortMain._internalPort.emit (node:electron/js2c/utility_init:2:2949)
2024-12-27 03:00:05.562 [info] Extension host with pid 22611 exiting with code 0
