12/24/2024, 2:40:45 PM GMT+5:30 0: 

----------------------------------------------
12/24/2024, 2:40:45 PM GMT+5:30 1: Discord starting: {"releaseChannel":"stable","version":"0.0.78"}, modulepath: /home/kush/.config/discord/0.0.78/modules
12/24/2024, 2:40:45 PM GMT+5:30 2: ✅ webContents.created web1 ""
12/24/2024, 2:40:45 PM GMT+5:30 3: ✅ window.created win1 "discord"
12/24/2024, 2:40:45 PM GMT+5:30 4: ✅ webContents.did-finish-load web1
12/24/2024, 2:40:53 PM GMT+5:30 5: ✅ webContents.created web2 ""
12/24/2024, 2:40:53 PM GMT+5:30 6: ✅ window.created win2 "Discord"
12/24/2024, 2:40:59 PM GMT+5:30 7: ✅ webContents.did-finish-load web2
12/24/2024, 2:40:59 PM GMT+5:30 8: window.close win1
12/24/2024, 2:41:00 PM GMT+5:30 9: webContents.destroyed web1
12/24/2024, 2:41:00 PM GMT+5:30 10: window.closed win1
12/24/2024, 2:44:06 PM GMT+5:30 11: window.close win2
12/24/2024, 2:44:09 PM GMT+5:30 12: before-quit
12/24/2024, 2:44:09 PM GMT+5:30 13: window.close win2
12/24/2024, 2:44:09 PM GMT+5:30 14: webContents.destroyed web2
12/24/2024, 2:44:14 PM GMT+5:30 0: 

----------------------------------------------
12/24/2024, 2:44:14 PM GMT+5:30 1: Discord starting: {"releaseChannel":"stable","version":"0.0.78"}, modulepath: /home/kush/.config/discord/0.0.78/modules
12/24/2024, 2:44:14 PM GMT+5:30 2: ✅ webContents.created web1 ""
12/24/2024, 2:44:14 PM GMT+5:30 3: ✅ window.created win1 "discord"
12/24/2024, 2:44:14 PM GMT+5:30 4: ✅ webContents.did-finish-load web1
12/24/2024, 2:44:14 PM GMT+5:30 5: ✅ webContents.created web2 ""
12/24/2024, 2:44:14 PM GMT+5:30 6: ✅ window.created win2 "Discord"
12/24/2024, 2:44:18 PM GMT+5:30 7: ✅ webContents.did-finish-load web2
12/24/2024, 2:44:18 PM GMT+5:30 8: window.close win1
12/24/2024, 2:44:18 PM GMT+5:30 9: webContents.destroyed web1
12/24/2024, 2:44:18 PM GMT+5:30 10: window.closed win1
12/24/2024, 2:44:19 PM GMT+5:30 11: ✅ webContents.did-finish-load web2
12/24/2024, 2:45:58 PM GMT+5:30 12: window.close win2
12/24/2024, 2:46:04 PM GMT+5:30 13: before-quit
12/24/2024, 2:46:04 PM GMT+5:30 14: window.close win2
12/24/2024, 2:46:04 PM GMT+5:30 15: webContents.destroyed web2
12/24/2024, 2:48:17 PM GMT+5:30 0: 

----------------------------------------------
12/24/2024, 2:48:17 PM GMT+5:30 1: Discord starting: {"releaseChannel":"stable","version":"0.0.78"}, modulepath: /home/kush/.config/discord/0.0.78/modules
12/24/2024, 2:48:17 PM GMT+5:30 2: ✅ webContents.created web1 ""
12/24/2024, 2:48:17 PM GMT+5:30 3: ✅ window.created win1 "discord"
12/24/2024, 2:48:17 PM GMT+5:30 4: ✅ webContents.did-finish-load web1
12/24/2024, 2:48:18 PM GMT+5:30 5: ✅ webContents.created web2 ""
12/24/2024, 2:48:18 PM GMT+5:30 6: ✅ window.created win2 "Discord"
12/24/2024, 2:48:20 PM GMT+5:30 7: ✅ webContents.did-finish-load web2
12/24/2024, 2:48:20 PM GMT+5:30 8: window.close win1
12/24/2024, 2:48:20 PM GMT+5:30 9: webContents.destroyed web1
12/24/2024, 2:48:20 PM GMT+5:30 10: window.closed win1
12/24/2024, 4:02:19 PM GMT+5:30 11: window.close win2
12/24/2024, 4:02:21 PM GMT+5:30 12: before-quit
12/24/2024, 4:02:21 PM GMT+5:30 13: window.close win2
12/24/2024, 6:00:39 PM GMT+5:30 0: 

----------------------------------------------
12/24/2024, 6:00:39 PM GMT+5:30 1: Discord starting: {"releaseChannel":"stable","version":"0.0.78"}, modulepath: /home/kush/.config/discord/0.0.78/modules
12/24/2024, 6:00:39 PM GMT+5:30 2: ✅ webContents.created web1 ""
12/24/2024, 6:00:39 PM GMT+5:30 3: ✅ window.created win1 "discord"
12/24/2024, 6:00:39 PM GMT+5:30 4: ✅ webContents.did-finish-load web1
12/24/2024, 6:00:40 PM GMT+5:30 5: window.closed win1
12/24/2024, 6:00:40 PM GMT+5:30 6: quit -1
12/24/2024, 6:00:49 PM GMT+5:30 0: 

----------------------------------------------
12/24/2024, 6:00:49 PM GMT+5:30 1: Discord starting: {"releaseChannel":"stable","version":"0.0.78"}, modulepath: /home/kush/.config/discord/0.0.78/modules
12/24/2024, 6:00:49 PM GMT+5:30 2: ✅ webContents.created web1 ""
12/24/2024, 6:00:49 PM GMT+5:30 3: ✅ window.created win1 "discord"
12/24/2024, 6:00:49 PM GMT+5:30 4: ✅ webContents.did-finish-load web1
12/24/2024, 6:00:50 PM GMT+5:30 5: window.closed win1
12/24/2024, 6:00:50 PM GMT+5:30 6: quit -1
12/24/2024, 6:00:52 PM GMT+5:30 0: 

----------------------------------------------
12/24/2024, 6:00:52 PM GMT+5:30 1: Discord starting: {"releaseChannel":"stable","version":"0.0.78"}, modulepath: /home/kush/.config/discord/0.0.78/modules
12/24/2024, 6:00:52 PM GMT+5:30 2: ✅ webContents.created web1 ""
12/24/2024, 6:00:52 PM GMT+5:30 3: ✅ window.created win1 "discord"
12/24/2024, 6:00:52 PM GMT+5:30 4: ✅ webContents.did-finish-load web1
12/24/2024, 6:00:53 PM GMT+5:30 5: window.closed win1
12/24/2024, 6:00:53 PM GMT+5:30 6: quit -1
12/24/2024, 6:00:55 PM GMT+5:30 0: 

----------------------------------------------
12/24/2024, 6:00:55 PM GMT+5:30 1: Discord starting: {"releaseChannel":"stable","version":"0.0.78"}, modulepath: /home/kush/.config/discord/0.0.78/modules
12/24/2024, 6:00:55 PM GMT+5:30 2: ✅ webContents.created web1 ""
12/24/2024, 6:00:55 PM GMT+5:30 3: ✅ window.created win1 "discord"
12/24/2024, 6:00:55 PM GMT+5:30 4: ✅ webContents.did-finish-load web1
12/24/2024, 6:00:55 PM GMT+5:30 5: window.closed win1
12/24/2024, 6:00:55 PM GMT+5:30 6: quit -1
12/24/2024, 6:00:58 PM GMT+5:30 0: 

----------------------------------------------
12/24/2024, 6:00:58 PM GMT+5:30 1: Discord starting: {"releaseChannel":"stable","version":"0.0.78"}, modulepath: /home/kush/.config/discord/0.0.78/modules
12/24/2024, 6:00:58 PM GMT+5:30 2: ✅ webContents.created web1 ""
12/24/2024, 6:00:58 PM GMT+5:30 3: ✅ window.created win1 "discord"
12/24/2024, 6:00:59 PM GMT+5:30 4: ✅ webContents.did-finish-load web1
12/24/2024, 6:00:59 PM GMT+5:30 5: window.closed win1
12/24/2024, 6:00:59 PM GMT+5:30 6: quit -1
12/24/2024, 6:02:17 PM GMT+5:30 0: 

----------------------------------------------
12/24/2024, 6:02:17 PM GMT+5:30 1: Discord starting: {"releaseChannel":"stable","version":"0.0.78"}, modulepath: /home/kush/.config/discord/0.0.78/modules
12/24/2024, 6:02:17 PM GMT+5:30 2: ✅ webContents.created web1 ""
12/24/2024, 6:02:17 PM GMT+5:30 3: ✅ window.created win1 "discord"
12/24/2024, 6:02:17 PM GMT+5:30 4: ✅ webContents.did-finish-load web1
12/24/2024, 6:02:17 PM GMT+5:30 5: ✅ webContents.created web2 ""
12/24/2024, 6:02:17 PM GMT+5:30 6: ✅ window.created win2 "Discord"
12/24/2024, 6:02:19 PM GMT+5:30 7: ✅ webContents.did-finish-load web2
12/24/2024, 6:02:19 PM GMT+5:30 8: window.close win1
12/24/2024, 6:02:19 PM GMT+5:30 9: webContents.destroyed web1
12/24/2024, 6:02:19 PM GMT+5:30 10: window.closed win1
12/24/2024, 6:02:30 PM GMT+5:30 0: 

----------------------------------------------
12/24/2024, 6:02:30 PM GMT+5:30 1: Discord starting: {"releaseChannel":"stable","version":"0.0.78"}, modulepath: /home/kush/.config/discord/0.0.78/modules
12/24/2024, 6:02:30 PM GMT+5:30 2: ✅ webContents.created web1 ""
12/24/2024, 6:02:30 PM GMT+5:30 3: ✅ window.created win1 "discord"
12/24/2024, 6:02:30 PM GMT+5:30 4: ✅ webContents.did-finish-load web1
12/24/2024, 6:02:31 PM GMT+5:30 5: ✅ webContents.created web2 ""
12/24/2024, 6:02:31 PM GMT+5:30 6: ✅ window.created win2 "Discord"
12/24/2024, 6:02:33 PM GMT+5:30 7: ✅ webContents.did-finish-load web2
12/24/2024, 6:02:33 PM GMT+5:30 8: window.close win1
12/24/2024, 6:02:33 PM GMT+5:30 9: webContents.destroyed web1
12/24/2024, 6:02:33 PM GMT+5:30 10: window.closed win1
12/24/2024, 6:11:15 PM GMT+5:30 11: window.close win2
12/24/2024, 6:11:42 PM GMT+5:30 12: before-quit
12/24/2024, 6:11:42 PM GMT+5:30 13: window.close win2
12/24/2024, 6:19:47 PM GMT+5:30 0: 

----------------------------------------------
12/24/2024, 6:19:47 PM GMT+5:30 1: Discord starting: {"releaseChannel":"stable","version":"0.0.78"}, modulepath: /home/kush/.config/discord/0.0.78/modules
12/24/2024, 6:19:47 PM GMT+5:30 2: ✅ webContents.created web1 ""
12/24/2024, 6:19:47 PM GMT+5:30 3: ✅ window.created win1 "discord"
12/24/2024, 6:19:47 PM GMT+5:30 4: ✅ webContents.did-finish-load web1
12/24/2024, 6:19:48 PM GMT+5:30 5: ✅ webContents.created web2 ""
12/24/2024, 6:19:48 PM GMT+5:30 6: ✅ window.created win2 "Discord"
12/24/2024, 6:19:49 PM GMT+5:30 7: ✅ webContents.did-finish-load web2
12/24/2024, 6:19:50 PM GMT+5:30 8: window.close win1
12/24/2024, 6:19:50 PM GMT+5:30 9: webContents.destroyed web1
12/24/2024, 6:19:50 PM GMT+5:30 10: window.closed win1
12/24/2024, 6:20:06 PM GMT+5:30 11: window.close win2
12/24/2024, 7:04:34 PM GMT+5:30 12: before-quit
12/24/2024, 7:04:34 PM GMT+5:30 13: window.close win2
12/24/2024, 7:04:34 PM GMT+5:30 14: webContents.destroyed web2
12/24/2024, 7:17:05 PM GMT+5:30 0: 

----------------------------------------------
12/24/2024, 7:17:05 PM GMT+5:30 1: Discord starting: {"releaseChannel":"stable","version":"0.0.78"}, modulepath: /home/kush/.config/discord/0.0.78/modules
12/24/2024, 7:17:05 PM GMT+5:30 2: ✅ webContents.created web1 ""
12/24/2024, 7:17:05 PM GMT+5:30 3: ✅ window.created win1 "discord"
12/24/2024, 7:17:05 PM GMT+5:30 4: ✅ webContents.did-finish-load web1
12/24/2024, 7:17:06 PM GMT+5:30 5: ✅ webContents.created web2 ""
12/24/2024, 7:17:06 PM GMT+5:30 6: ✅ window.created win2 "Discord"
12/24/2024, 7:17:08 PM GMT+5:30 7: ✅ webContents.did-finish-load web2
12/24/2024, 7:17:08 PM GMT+5:30 8: window.close win1
12/24/2024, 7:17:08 PM GMT+5:30 9: webContents.destroyed web1
12/24/2024, 7:17:08 PM GMT+5:30 10: window.closed win1
12/24/2024, 7:17:12 PM GMT+5:30 11: window.close win2
12/24/2024, 7:18:46 PM GMT+5:30 12: before-quit
12/24/2024, 7:18:46 PM GMT+5:30 13: window.close win2
12/24/2024, 9:32:10 PM GMT+5:30 0: 

----------------------------------------------
12/24/2024, 9:32:10 PM GMT+5:30 1: Discord starting: {"releaseChannel":"stable","version":"0.0.78"}, modulepath: /home/kush/.config/discord/0.0.78/modules
12/24/2024, 9:32:10 PM GMT+5:30 2: ✅ webContents.created web1 ""
12/24/2024, 9:32:10 PM GMT+5:30 3: ✅ window.created win1 "discord"
12/24/2024, 9:32:10 PM GMT+5:30 4: ✅ webContents.did-finish-load web1
12/24/2024, 9:32:11 PM GMT+5:30 5: ✅ webContents.created web2 ""
12/24/2024, 9:32:11 PM GMT+5:30 6: ✅ window.created win2 "Discord"
12/24/2024, 9:32:13 PM GMT+5:30 7: ✅ webContents.did-finish-load web2
12/24/2024, 9:32:13 PM GMT+5:30 8: window.close win1
12/24/2024, 9:32:13 PM GMT+5:30 9: webContents.destroyed web1
12/24/2024, 9:32:13 PM GMT+5:30 10: window.closed win1
12/24/2024, 9:35:46 PM GMT+5:30 11: window.close win2
12/24/2024, 9:46:44 PM GMT+5:30 0: 

----------------------------------------------
12/24/2024, 9:46:44 PM GMT+5:30 1: Discord starting: {"releaseChannel":"stable","version":"0.0.78"}, modulepath: /home/kush/.config/discord/0.0.78/modules
12/24/2024, 9:46:44 PM GMT+5:30 2: ✅ webContents.created web1 ""
12/24/2024, 9:46:44 PM GMT+5:30 3: ✅ window.created win1 "discord"
12/24/2024, 9:46:44 PM GMT+5:30 4: ✅ webContents.did-finish-load web1
12/24/2024, 9:46:45 PM GMT+5:30 5: ✅ webContents.created web2 ""
12/24/2024, 9:46:45 PM GMT+5:30 6: ✅ window.created win2 "Discord"
12/24/2024, 9:46:47 PM GMT+5:30 7: ✅ webContents.did-finish-load web2
12/24/2024, 9:46:47 PM GMT+5:30 8: window.close win1
12/24/2024, 9:46:47 PM GMT+5:30 9: webContents.destroyed web1
12/24/2024, 9:46:47 PM GMT+5:30 10: window.closed win1
12/24/2024, 11:04:02 PM GMT+5:30 11: window.close win2
12/24/2024, 11:07:13 PM GMT+5:30 12: before-quit
12/24/2024, 11:07:13 PM GMT+5:30 13: window.close win2
12/24/2024, 11:07:13 PM GMT+5:30 14: webContents.destroyed web2
12/24/2024, 11:07:13 PM GMT+5:30 15: window.closed win2
12/26/2024, 7:53:52 PM GMT+5:30 0: 

----------------------------------------------
12/26/2024, 7:53:52 PM GMT+5:30 1: Discord starting: {"releaseChannel":"stable","version":"0.0.78"}, modulepath: /home/kush/.config/discord/0.0.78/modules
12/26/2024, 7:53:52 PM GMT+5:30 2: ✅ webContents.created web1 ""
12/26/2024, 7:53:52 PM GMT+5:30 3: ✅ window.created win1 "discord"
12/26/2024, 7:53:52 PM GMT+5:30 4: ✅ webContents.did-finish-load web1
12/26/2024, 7:53:53 PM GMT+5:30 5: ✅ webContents.created web2 ""
12/26/2024, 7:53:53 PM GMT+5:30 6: ✅ window.created win2 "Discord"
12/26/2024, 7:53:55 PM GMT+5:30 7: ✅ webContents.did-finish-load web2
12/26/2024, 7:53:55 PM GMT+5:30 8: window.close win1
12/26/2024, 7:53:55 PM GMT+5:30 9: webContents.destroyed web1
12/26/2024, 7:53:56 PM GMT+5:30 10: window.closed win1
12/26/2024, 7:54:06 PM GMT+5:30 11: window.close win2
12/26/2024, 7:54:07 PM GMT+5:30 12: before-quit
12/26/2024, 7:54:07 PM GMT+5:30 13: window.close win2
12/27/2024, 1:05:23 AM GMT+5:30 0: 

----------------------------------------------
12/27/2024, 1:05:23 AM GMT+5:30 1: Discord starting: {"releaseChannel":"stable","version":"0.0.78"}, modulepath: /home/kush/.config/discord/0.0.78/modules
12/27/2024, 1:05:24 AM GMT+5:30 2: ✅ webContents.created web1 ""
12/27/2024, 1:05:24 AM GMT+5:30 3: ✅ window.created win1 "discord"
12/27/2024, 1:05:24 AM GMT+5:30 4: ✅ webContents.did-finish-load web1
12/27/2024, 1:05:24 AM GMT+5:30 5: ✅ webContents.created web2 ""
12/27/2024, 1:05:24 AM GMT+5:30 6: ✅ window.created win2 "Discord"
12/27/2024, 1:05:26 AM GMT+5:30 7: ✅ webContents.did-finish-load web2
12/27/2024, 1:05:26 AM GMT+5:30 8: window.close win1
12/27/2024, 1:05:26 AM GMT+5:30 9: webContents.destroyed web1
12/27/2024, 1:05:26 AM GMT+5:30 10: window.closed win1
12/27/2024, 1:05:36 AM GMT+5:30 11: window.close win2
12/27/2024, 1:09:14 AM GMT+5:30 0: 

----------------------------------------------
12/27/2024, 1:09:27 AM GMT+5:30 12: window.close win2
12/27/2024, 1:09:30 AM GMT+5:30 13: before-quit
12/27/2024, 1:09:30 AM GMT+5:30 14: window.close win2
12/27/2024, 1:41:50 AM GMT+5:30 0: 

----------------------------------------------
12/27/2024, 1:41:50 AM GMT+5:30 1: Discord starting: {"releaseChannel":"stable","version":"0.0.78"}, modulepath: /home/kush/.config/discord/0.0.78/modules
12/27/2024, 1:41:50 AM GMT+5:30 2: ✅ webContents.created web1 ""
12/27/2024, 1:41:50 AM GMT+5:30 3: ✅ window.created win1 "discord"
12/27/2024, 1:41:50 AM GMT+5:30 4: ✅ webContents.did-finish-load web1
12/27/2024, 1:41:51 AM GMT+5:30 5: ✅ webContents.created web2 ""
12/27/2024, 1:41:51 AM GMT+5:30 6: ✅ window.created win2 "Discord"
12/27/2024, 1:41:53 AM GMT+5:30 7: ✅ webContents.did-finish-load web2
12/27/2024, 1:41:53 AM GMT+5:30 8: window.close win1
12/27/2024, 1:41:53 AM GMT+5:30 9: webContents.destroyed web1
12/27/2024, 1:41:53 AM GMT+5:30 10: window.closed win1
12/27/2024, 1:44:01 AM GMT+5:30 11: window.close win2
12/27/2024, 1:44:04 AM GMT+5:30 12: before-quit
12/27/2024, 1:44:04 AM GMT+5:30 13: window.close win2
12/27/2024, 1:45:01 AM GMT+5:30 0: 

----------------------------------------------
12/27/2024, 1:45:01 AM GMT+5:30 1: Discord starting: {"releaseChannel":"stable","version":"0.0.78"}, modulepath: /home/kush/.config/discord/0.0.78/modules
12/27/2024, 1:45:01 AM GMT+5:30 2: ✅ webContents.created web1 ""
12/27/2024, 1:45:01 AM GMT+5:30 3: ✅ window.created win1 "discord"
12/27/2024, 1:45:02 AM GMT+5:30 4: ✅ webContents.did-finish-load web1
12/27/2024, 1:45:03 AM GMT+5:30 5: ✅ webContents.created web2 ""
12/27/2024, 1:45:03 AM GMT+5:30 6: ✅ window.created win2 "Discord"
12/27/2024, 1:45:04 AM GMT+5:30 7: ✅ webContents.did-finish-load web2
12/27/2024, 1:45:05 AM GMT+5:30 8: window.close win1
12/27/2024, 1:45:05 AM GMT+5:30 9: webContents.destroyed web1
12/27/2024, 1:45:05 AM GMT+5:30 10: window.closed win1
12/27/2024, 1:45:08 AM GMT+5:30 11: window.close win2
12/27/2024, 1:45:11 AM GMT+5:30 12: before-quit
12/27/2024, 1:45:11 AM GMT+5:30 13: window.close win2
12/27/2024, 2:49:32 AM GMT+5:30 0: 

----------------------------------------------
12/27/2024, 2:49:32 AM GMT+5:30 1: Discord starting: {"releaseChannel":"stable","version":"0.0.78"}, modulepath: /home/kush/.config/discord/0.0.78/modules
12/27/2024, 2:49:32 AM GMT+5:30 2: ✅ webContents.created web1 ""
12/27/2024, 2:49:32 AM GMT+5:30 3: ✅ window.created win1 "discord"
12/27/2024, 2:49:32 AM GMT+5:30 4: ✅ webContents.did-finish-load web1
12/27/2024, 2:49:33 AM GMT+5:30 5: ✅ webContents.created web2 ""
12/27/2024, 2:49:33 AM GMT+5:30 6: ✅ window.created win2 "Discord"
12/27/2024, 2:49:35 AM GMT+5:30 7: ✅ webContents.did-finish-load web2
12/27/2024, 2:49:35 AM GMT+5:30 8: window.close win1
12/27/2024, 2:49:35 AM GMT+5:30 9: webContents.destroyed web1
12/27/2024, 2:49:35 AM GMT+5:30 10: window.closed win1
12/27/2024, 2:49:39 AM GMT+5:30 11: window.close win2
12/27/2024, 2:49:42 AM GMT+5:30 12: before-quit
12/27/2024, 2:49:42 AM GMT+5:30 13: window.close win2
12/27/2024, 1:50:57 PM GMT+5:30 0: 

----------------------------------------------
12/27/2024, 1:50:57 PM GMT+5:30 1: Discord starting: {"releaseChannel":"stable","version":"0.0.78"}, modulepath: /home/kush/.config/discord/0.0.78/modules
12/27/2024, 1:50:57 PM GMT+5:30 2: ✅ webContents.created web1 ""
12/27/2024, 1:50:57 PM GMT+5:30 3: ✅ window.created win1 "discord"
12/27/2024, 1:50:58 PM GMT+5:30 4: ✅ webContents.did-finish-load web1
12/27/2024, 1:50:58 PM GMT+5:30 5: ✅ webContents.created web2 ""
12/27/2024, 1:50:58 PM GMT+5:30 6: ✅ window.created win2 "Discord"
12/27/2024, 1:51:00 PM GMT+5:30 7: ✅ webContents.did-finish-load web2
12/27/2024, 1:51:00 PM GMT+5:30 8: window.close win1
12/27/2024, 1:51:00 PM GMT+5:30 9: webContents.destroyed web1
12/27/2024, 1:51:00 PM GMT+5:30 10: window.closed win1
12/27/2024, 1:51:03 PM GMT+5:30 11: window.close win2
12/27/2024, 1:51:08 PM GMT+5:30 12: before-quit
12/27/2024, 1:51:08 PM GMT+5:30 13: window.close win2
12/27/2024, 11:59:41 PM GMT+5:30 0: 

----------------------------------------------
12/27/2024, 11:59:41 PM GMT+5:30 1: Discord starting: {"releaseChannel":"stable","version":"0.0.78"}, modulepath: /home/kush/.config/discord/0.0.78/modules
12/27/2024, 11:59:41 PM GMT+5:30 2: ✅ webContents.created web1 ""
12/27/2024, 11:59:41 PM GMT+5:30 3: ✅ window.created win1 "discord"
12/27/2024, 11:59:41 PM GMT+5:30 4: ✅ webContents.did-finish-load web1
12/27/2024, 11:59:41 PM GMT+5:30 5: ✅ webContents.created web2 ""
12/27/2024, 11:59:41 PM GMT+5:30 6: ✅ window.created win2 "Discord"
12/27/2024, 11:59:43 PM GMT+5:30 7: ✅ webContents.did-finish-load web2
12/27/2024, 11:59:43 PM GMT+5:30 8: window.close win1
12/27/2024, 11:59:43 PM GMT+5:30 9: webContents.destroyed web1
12/27/2024, 11:59:43 PM GMT+5:30 10: window.closed win1
12/28/2024, 1:05:44 AM GMT+5:30 11: window.close win2
12/28/2024, 1:05:47 AM GMT+5:30 12: before-quit
12/28/2024, 1:05:47 AM GMT+5:30 13: window.close win2
12/28/2024, 1:05:47 AM GMT+5:30 14: webContents.destroyed web2
12/28/2024, 1:05:47 AM GMT+5:30 15: window.closed win2
