[2024-Dec-24 14:40:55.814 +05:30][ 3761: 3761][info ] Logging initialized
[2024-Dec-24 14:40:55.814 +05:30][ 3761: 3761][info ] Initializing krisp SDK...
[2024-Dec-24 14:40:55.814 +05:30][ 3761: 3761][info ] DoKrispInitialize
[2024-Dec-24 14:40:56.113 +05:30][ 3761: 3761][info ] LoadDynamicKrisp
[2024-Dec-24 14:40:56.113 +05:30][ 3761: 3761][info ] Did not find KRISP_DYLIB_PATH, skipping dynamic loading
[2024-Dec-24 14:40:56.114 +05:30][ 3761: 3761][info ] Initializing Krisp SDK in PID 3761, addr 0x715b865906f0
[2024-Dec-24 14:40:56.277 +05:30][ 3761: 3761][info ] Initialized Krisp SDK successfully
[2024-Dec-24 14:40:56.277 +05:30][ 3761: 3761][info ] Krisp SDK initialized
[2024-Dec-24 14:44:16.823 +05:30][ 5991: 5991][info ] Logging initialized
[2024-Dec-24 14:44:16.823 +05:30][ 5991: 5991][info ] Initializing krisp SDK...
[2024-Dec-24 14:44:16.823 +05:30][ 5991: 5991][info ] DoKrispInitialize
[2024-Dec-24 14:44:17.111 +05:30][ 5991: 5991][info ] LoadDynamicKrisp
[2024-Dec-24 14:44:17.111 +05:30][ 5991: 5991][info ] Did not find KRISP_DYLIB_PATH, skipping dynamic loading
[2024-Dec-24 14:44:17.111 +05:30][ 5991: 5991][info ] Initializing Krisp SDK in PID 5991, addr 0x7d88e7f906f0
[2024-Dec-24 14:44:17.283 +05:30][ 5991: 5991][info ] Initialized Krisp SDK successfully
[2024-Dec-24 14:44:17.283 +05:30][ 5991: 5991][info ] Krisp SDK initialized
[2024-Dec-24 14:44:18.727 +05:30][ 5991: 5991][info ] Logging initialized
[2024-Dec-24 14:44:18.727 +05:30][ 5991: 5991][info ] Initializing krisp SDK...
[2024-Dec-24 14:44:18.727 +05:30][ 5991: 5991][info ] Krisp SDK initialized
[2024-Dec-24 14:48:19.267 +05:30][ 8661: 8661][info ] Logging initialized
[2024-Dec-24 14:48:19.267 +05:30][ 8661: 8661][info ] Initializing krisp SDK...
[2024-Dec-24 14:48:19.267 +05:30][ 8661: 8661][info ] DoKrispInitialize
[2024-Dec-24 14:48:19.549 +05:30][ 8661: 8661][info ] LoadDynamicKrisp
[2024-Dec-24 14:48:19.549 +05:30][ 8661: 8661][info ] Did not find KRISP_DYLIB_PATH, skipping dynamic loading
[2024-Dec-24 14:48:19.549 +05:30][ 8661: 8661][info ] Initializing Krisp SDK in PID 8661, addr 0x7899411906f0
[2024-Dec-24 14:48:19.711 +05:30][ 8661: 8661][info ] Initialized Krisp SDK successfully
[2024-Dec-24 14:48:19.711 +05:30][ 8661: 8661][info ] Krisp SDK initialized
[2024-Dec-24 18:02:32.114 +05:30][101829:101829][info ] Logging initialized
[2024-Dec-24 18:02:32.114 +05:30][101829:101829][info ] Initializing krisp SDK...
[2024-Dec-24 18:02:32.114 +05:30][101829:101829][info ] DoKrispInitialize
[2024-Dec-24 18:02:32.411 +05:30][101829:101829][info ] LoadDynamicKrisp
[2024-Dec-24 18:02:32.411 +05:30][101829:101829][info ] Did not find KRISP_DYLIB_PATH, skipping dynamic loading
[2024-Dec-24 18:02:32.411 +05:30][101829:101829][info ] Initializing Krisp SDK in PID 101829, addr 0x790e01b906f0
[2024-Dec-24 18:02:32.582 +05:30][101829:101829][info ] Initialized Krisp SDK successfully
[2024-Dec-24 18:02:32.582 +05:30][101829:101829][info ] Krisp SDK initialized
[2024-Dec-24 18:19:48.993 +05:30][116523:116523][info ] Logging initialized
[2024-Dec-24 18:19:48.993 +05:30][116523:116523][info ] Initializing krisp SDK...
[2024-Dec-24 18:19:48.993 +05:30][116523:116523][info ] DoKrispInitialize
[2024-Dec-24 18:19:49.284 +05:30][116523:116523][info ] LoadDynamicKrisp
[2024-Dec-24 18:19:49.284 +05:30][116523:116523][info ] Did not find KRISP_DYLIB_PATH, skipping dynamic loading
[2024-Dec-24 18:19:49.284 +05:30][116523:116523][info ] Initializing Krisp SDK in PID 116523, addr 0x757334d906f0
[2024-Dec-24 18:19:49.452 +05:30][116523:116523][info ] Initialized Krisp SDK successfully
[2024-Dec-24 18:19:49.452 +05:30][116523:116523][info ] Krisp SDK initialized
[2024-Dec-24 19:17:07.325 +05:30][141001:141001][info ] Logging initialized
[2024-Dec-24 19:17:07.325 +05:30][141001:141001][info ] Initializing krisp SDK...
[2024-Dec-24 19:17:07.325 +05:30][141001:141001][info ] DoKrispInitialize
[2024-Dec-24 19:17:07.627 +05:30][141001:141001][info ] LoadDynamicKrisp
[2024-Dec-24 19:17:07.627 +05:30][141001:141001][info ] Did not find KRISP_DYLIB_PATH, skipping dynamic loading
[2024-Dec-24 19:17:07.627 +05:30][141001:141001][info ] Initializing Krisp SDK in PID 141001, addr 0x727413d906f0
[2024-Dec-24 19:17:07.799 +05:30][141001:141001][info ] Initialized Krisp SDK successfully
[2024-Dec-24 19:17:07.799 +05:30][141001:141001][info ] Krisp SDK initialized
[2024-Dec-24 21:32:12.124 +05:30][215783:215783][info ] Logging initialized
[2024-Dec-24 21:32:12.124 +05:30][215783:215783][info ] Initializing krisp SDK...
[2024-Dec-24 21:32:12.124 +05:30][215783:215783][info ] DoKrispInitialize
[2024-Dec-24 21:32:12.434 +05:30][215783:215783][info ] LoadDynamicKrisp
[2024-Dec-24 21:32:12.434 +05:30][215783:215783][info ] Did not find KRISP_DYLIB_PATH, skipping dynamic loading
[2024-Dec-24 21:32:12.434 +05:30][215783:215783][info ] Initializing Krisp SDK in PID 215783, addr 0x7d4b8e3906f0
[2024-Dec-24 21:32:12.609 +05:30][215783:215783][info ] Initialized Krisp SDK successfully
[2024-Dec-24 21:32:12.609 +05:30][215783:215783][info ] Krisp SDK initialized
[2024-Dec-24 21:32:35.936 +05:30][215783:215835][info ] KrispNCSetup: sampleRate = 48000, duration = 10
[2024-Dec-24 21:32:35.936 +05:30][215783:215835][info ] Setting Krisp model: full_NC
[2024-Dec-24 21:32:35.946 +05:30][215783:215835][info ] KrispVADSetup: sampleRate = 48000, duration = 10
[2024-Dec-24 21:33:08.454 +05:30][215783:215817][info ] KrispVADReset
[2024-Dec-24 21:33:27.989 +05:30][215783:215835][info ] KrispVADSetup: sampleRate = 48000, duration = 10
[2024-Dec-24 21:35:46.040 +05:30][215783:215817][info ] KrispVADReset
[2024-Dec-24 21:46:46.255 +05:30][362268:362268][info ] Logging initialized
[2024-Dec-24 21:46:46.255 +05:30][362268:362268][info ] Initializing krisp SDK...
[2024-Dec-24 21:46:46.255 +05:30][362268:362268][info ] DoKrispInitialize
[2024-Dec-24 21:46:46.575 +05:30][362268:362268][info ] LoadDynamicKrisp
[2024-Dec-24 21:46:46.575 +05:30][362268:362268][info ] Did not find KRISP_DYLIB_PATH, skipping dynamic loading
[2024-Dec-24 21:46:46.575 +05:30][362268:362268][info ] Initializing Krisp SDK in PID 362268, addr 0x78bf895906f0
[2024-Dec-24 21:46:46.756 +05:30][362268:362268][info ] Initialized Krisp SDK successfully
[2024-Dec-24 21:46:46.756 +05:30][362268:362268][info ] Krisp SDK initialized
[2024-Dec-24 21:46:58.795 +05:30][362268:366078][info ] KrispNCSetup: sampleRate = 48000, duration = 10
[2024-Dec-24 21:46:58.795 +05:30][362268:366078][info ] Setting Krisp model: full_NC
[2024-Dec-24 21:46:58.806 +05:30][362268:366078][info ] KrispVADSetup: sampleRate = 48000, duration = 10
[2024-Dec-24 23:04:01.620 +05:30][362268:365497][info ] KrispVADReset
[2024-Dec-26 19:53:54.899 +05:30][59396:59396][info ] Logging initialized
[2024-Dec-26 19:53:54.899 +05:30][59396:59396][info ] Initializing krisp SDK...
[2024-Dec-26 19:53:54.899 +05:30][59396:59396][info ] DoKrispInitialize
[2024-Dec-26 19:53:55.200 +05:30][59396:59396][info ] LoadDynamicKrisp
[2024-Dec-26 19:53:55.200 +05:30][59396:59396][info ] Did not find KRISP_DYLIB_PATH, skipping dynamic loading
[2024-Dec-26 19:53:55.200 +05:30][59396:59396][info ] Initializing Krisp SDK in PID 59396, addr 0x7eb1ab5906f0
[2024-Dec-26 19:53:55.374 +05:30][59396:59396][info ] Initialized Krisp SDK successfully
[2024-Dec-26 19:53:55.374 +05:30][59396:59396][info ] Krisp SDK initialized
[2024-Dec-27 01:05:25.784 +05:30][121837:121837][info ] Logging initialized
[2024-Dec-27 01:05:25.784 +05:30][121837:121837][info ] Initializing krisp SDK...
[2024-Dec-27 01:05:25.784 +05:30][121837:121837][info ] DoKrispInitialize
[2024-Dec-27 01:05:26.091 +05:30][121837:121837][info ] LoadDynamicKrisp
[2024-Dec-27 01:05:26.091 +05:30][121837:121837][info ] Did not find KRISP_DYLIB_PATH, skipping dynamic loading
[2024-Dec-27 01:05:26.091 +05:30][121837:121837][info ] Initializing Krisp SDK in PID 121837, addr 0x726948d906f0
[2024-Dec-27 01:05:26.263 +05:30][121837:121837][info ] Initialized Krisp SDK successfully
[2024-Dec-27 01:05:26.263 +05:30][121837:121837][info ] Krisp SDK initialized
[2024-Dec-27 01:41:52.454 +05:30][142302:142302][info ] Logging initialized
[2024-Dec-27 01:41:52.454 +05:30][142302:142302][info ] Initializing krisp SDK...
[2024-Dec-27 01:41:52.454 +05:30][142302:142302][info ] DoKrispInitialize
[2024-Dec-27 01:41:52.743 +05:30][142302:142302][info ] LoadDynamicKrisp
[2024-Dec-27 01:41:52.743 +05:30][142302:142302][info ] Did not find KRISP_DYLIB_PATH, skipping dynamic loading
[2024-Dec-27 01:41:52.743 +05:30][142302:142302][info ] Initializing Krisp SDK in PID 142302, addr 0x7fcb847906f0
[2024-Dec-27 01:41:52.907 +05:30][142302:142302][info ] Initialized Krisp SDK successfully
[2024-Dec-27 01:41:52.907 +05:30][142302:142302][info ] Krisp SDK initialized
[2024-Dec-27 23:59:42.717 +05:30][ 2210: 2210][info ] Logging initialized
[2024-Dec-27 23:59:42.718 +05:30][ 2210: 2210][info ] Initializing krisp SDK...
[2024-Dec-27 23:59:42.718 +05:30][ 2210: 2210][info ] DoKrispInitialize
[2024-Dec-27 23:59:43.023 +05:30][ 2210: 2210][info ] LoadDynamicKrisp
[2024-Dec-27 23:59:43.023 +05:30][ 2210: 2210][info ] Did not find KRISP_DYLIB_PATH, skipping dynamic loading
[2024-Dec-27 23:59:43.023 +05:30][ 2210: 2210][info ] Initializing Krisp SDK in PID 2210, addr 0x79d5081906f0
[2024-Dec-27 23:59:43.201 +05:30][ 2210: 2210][info ] Initialized Krisp SDK successfully
[2024-Dec-27 23:59:43.201 +05:30][ 2210: 2210][info ] Krisp SDK initialized
[2024-Dec-28 00:00:37.182 +05:30][ 2210: 2254][info ] KrispNCSetup: sampleRate = 48000, duration = 10
[2024-Dec-28 00:00:37.182 +05:30][ 2210: 2254][info ] Setting Krisp model: full_NC
[2024-Dec-28 00:00:37.194 +05:30][ 2210: 2254][info ] KrispVADSetup: sampleRate = 48000, duration = 10
[2024-Dec-28 00:01:09.509 +05:30][ 2210: 2244][info ] KrispVADReset
[2024-Dec-28 00:14:48.761 +05:30][ 2210: 2254][info ] KrispVADSetup: sampleRate = 48000, duration = 10
