2024-12-27 02:42:32.481 [info] Getting Manifest... sainnhe.gruvbox-material
2024-12-27 02:42:34.393 [info] Installing extension: sainnhe.gruvbox-material {"isMachineScoped":false,"installPreReleaseVersion":false,"pinned":false,"profileLocation":{"$mid":1,"external":"vscode-userdata:/home/kush/.vscode-oss/extensions/extensions.json","path":"/home/kush/.vscode-oss/extensions/extensions.json","scheme":"vscode-userdata"},"installOnlyNewlyAddedFromExtensionPack":true,"isApplicationScoped":false,"productVersion":{"version":"1.96.0","date":"2024-12-16T11:38:33.840Z"}}
2024-12-27 02:42:35.878 [error] Could not load vsce-sign module Cannot find package '@vscode/vsce-sign' imported from /usr/lib/code/out/vs/code/electron-utility/sharedProcess/sharedProcessMain.js
2024-12-27 02:42:35.878 [info] Extension signature verification is not done: sainnhe.gruvbox-material
2024-12-27 02:42:35.961 [info] Extracted extension to file:///home/kush/.vscode-oss/extensions/sainnhe.gruvbox-material-6.5.2-universal: sainnhe.gruvbox-material
2024-12-27 02:42:35.969 [info] Renamed to /home/kush/.vscode-oss/extensions/sainnhe.gruvbox-material-6.5.2-universal
2024-12-27 02:42:35.985 [info] Extension installed successfully: sainnhe.gruvbox-material vscode-userdata:/home/kush/.vscode-oss/extensions/extensions.json
2024-12-27 02:42:36.056 [error] [uncaught exception in sharedProcess]: Error: ENOENT: no such file or directory, stat '/home/kush/.vscode-oss/extensions/extensions.json.vsctmp': EntryNotFound (FileSystemError): Error: ENOENT: no such file or directory, stat '/home/kush/.vscode-oss/extensions/extensions.json.vsctmp'
    at Gm.create (file:///usr/lib/code/out/vs/code/electron-utility/sharedProcess/sharedProcessMain.js:35:39624)
    at xs (file:///usr/lib/code/out/vs/code/electron-utility/sharedProcess/sharedProcessMain.js:35:39731)
    at Vr.ib (file:///usr/lib/code/out/vs/code/electron-utility/sharedProcess/sharedProcessMain.js:78:22778)
    at Vr.stat (file:///usr/lib/code/out/vs/code/electron-utility/sharedProcess/sharedProcessMain.js:78:16010)
    at async wh.stat (file:///usr/lib/code/out/vs/code/electron-utility/sharedProcess/sharedProcessMain.js:77:85488)
    at async fh.Ab (file:///usr/lib/code/out/vs/code/electron-utility/sharedProcess/sharedProcessMain.js:77:67180)
2024-12-27 02:42:54.054 [info] Getting Manifest... jdinhlife.gruvbox
2024-12-27 02:42:54.769 [info] Installing extension: jdinhlife.gruvbox {"isMachineScoped":false,"installPreReleaseVersion":false,"pinned":false,"profileLocation":{"$mid":1,"external":"vscode-userdata:/home/kush/.vscode-oss/extensions/extensions.json","path":"/home/kush/.vscode-oss/extensions/extensions.json","scheme":"vscode-userdata"},"installOnlyNewlyAddedFromExtensionPack":true,"isApplicationScoped":false,"productVersion":{"version":"1.96.0","date":"2024-12-16T11:38:33.840Z"}}
2024-12-27 02:42:58.982 [error] Could not load vsce-sign module Cannot find package '@vscode/vsce-sign' imported from /usr/lib/code/out/vs/code/electron-utility/sharedProcess/sharedProcessMain.js
2024-12-27 02:42:58.982 [info] Extension signature verification is not done: jdinhlife.gruvbox
2024-12-27 02:42:59.037 [info] Extracted extension to file:///home/kush/.vscode-oss/extensions/jdinhlife.gruvbox-1.19.1-universal: jdinhlife.gruvbox
2024-12-27 02:42:59.044 [info] Renamed to /home/kush/.vscode-oss/extensions/jdinhlife.gruvbox-1.19.1-universal
2024-12-27 02:42:59.061 [info] Extension installed successfully: jdinhlife.gruvbox vscode-userdata:/home/kush/.vscode-oss/extensions/extensions.json
2024-12-27 02:42:59.127 [error] [uncaught exception in sharedProcess]: Error: ENOENT: no such file or directory, stat '/home/kush/.vscode-oss/extensions/extensions.json.vsctmp': EntryNotFound (FileSystemError): Error: ENOENT: no such file or directory, stat '/home/kush/.vscode-oss/extensions/extensions.json.vsctmp'
    at Gm.create (file:///usr/lib/code/out/vs/code/electron-utility/sharedProcess/sharedProcessMain.js:35:39624)
    at xs (file:///usr/lib/code/out/vs/code/electron-utility/sharedProcess/sharedProcessMain.js:35:39731)
    at Vr.ib (file:///usr/lib/code/out/vs/code/electron-utility/sharedProcess/sharedProcessMain.js:78:22778)
    at Vr.stat (file:///usr/lib/code/out/vs/code/electron-utility/sharedProcess/sharedProcessMain.js:78:16010)
    at async wh.stat (file:///usr/lib/code/out/vs/code/electron-utility/sharedProcess/sharedProcessMain.js:77:85488)
    at async fh.Ab (file:///usr/lib/code/out/vs/code/electron-utility/sharedProcess/sharedProcessMain.js:77:67180)
