2024-12-24 21:14:29.239 [info] Configuration changed
2024-12-24 21:14:30.435 [info] Configuration changed
2024-12-24 21:14:33.309 [info] Active editor: file:///home/kush/.config/picom/picom.conf
2024-12-24 21:14:35.279 [info] /home/kush/.config/picom/picom.conf closed
2024-12-24 21:14:35.298 [info] Active editor: file:///home/kush/.config/picom/picom.conf.bak
2024-12-24 21:14:36.219 [info] /home/kush/.config/picom/picom.conf.bak closed
2024-12-24 21:14:36.233 [info] Active editor: file:///home/kush/.config/picom/picom.conf
2024-12-24 21:14:47.109 [info] Executing :w
2024-12-24 21:15:39.922 [info] /home/kush/.config/Code - OSS/User/settings.json closed
2024-12-24 21:15:39.927 [info] Configuration changed
2024-12-24 21:15:40.685 [info] Active editor: file:///home/kush/.config/picom/picom.conf
2024-12-24 21:16:02.914 [info] /home/kush/.config/Code - OSS/User/settings.json closed
2024-12-24 21:16:02.937 [info] Configuration changed
2024-12-24 21:16:03.747 [info] Active editor: file:///home/kush/.config/picom/picom.conf
2024-12-24 21:16:22.325 [info] Active editor: vscode-userdata:/home/kush/.config/Code%20-%20OSS/User/settings.json
2024-12-24 21:16:22.826 [info] Configuration changed
2024-12-24 21:16:31.464 [info] Executing :w
2024-12-24 21:16:31.728 [info] Configuration changed
2024-12-24 21:16:33.359 [info] Active editor: file:///home/kush/.config/picom/picom.conf
2024-12-24 21:16:46.894 [info] Executing :w
2024-12-24 21:16:48.071 [info] Active editor: vscode-userdata:/home/kush/.config/Code%20-%20OSS/User/settings.json
2024-12-24 21:16:51.794 [info] Active editor: file:///home/kush/.config/picom/picom.conf
